[23:11:18] [ServerMain/INFO]: Building unoptimized datafixer
[23:11:18] [ServerMain/INFO]: Environment: authHost='https://authserver.mojang.com', accountsHost='https://api.mojang.com', sessionHost='https://sessionserver.mojang.com', servicesHost='https://api.minecraftservices.com', name='PROD'
[23:11:20] [ServerMain/INFO]: Loaded 7 recipes
[23:11:20] [ServerMain/INFO]: Loaded 1179 advancements
[23:11:21] [Server thread/INFO]: Starting minecraft server version 1.19
[23:11:21] [Server thread/INFO]: Loading properties
[23:11:21] [Server thread/INFO]: Default game type: SURVIVAL
[23:11:21] [Server thread/INFO]: Generating keypair
[23:11:21] [Server thread/INFO]: Starting Minecraft server on *:25565
[23:11:21] [Server thread/INFO]: Using epoll channel type
[23:11:21] [Server thread/WARN]: **** SERVER IS RUNNING IN OFFLINE/INSECURE MODE!
[23:11:21] [Server thread/WARN]: The server will make no attempt to authenticate usernames. Beware.
[23:11:21] [Server thread/WARN]: While this makes the game possible to play without internet access, it also opens up the ability for hackers to connect with any username they choose.
[23:11:21] [Server thread/WARN]: To change this, set "online-mode" to "true" in the server.properties file.
[23:11:21] [Server thread/INFO]: Preparing level "world"
[23:11:21] [Server thread/INFO]: Preparing start region for dimension minecraft:overworld
[23:11:28] [Worker-Main-2/INFO]: Preparing spawn area: 0%
[23:11:28] [Worker-Main-3/INFO]: Preparing spawn area: 0%
[23:11:28] [Worker-Main-3/INFO]: Preparing spawn area: 0%
[23:11:28] [Worker-Main-3/INFO]: Preparing spawn area: 0%
[23:11:28] [Worker-Main-3/INFO]: Preparing spawn area: 0%
[23:11:28] [Worker-Main-2/INFO]: Preparing spawn area: 0%
[23:11:28] [Worker-Main-2/INFO]: Preparing spawn area: 0%
[23:11:28] [Worker-Main-2/INFO]: Preparing spawn area: 0%
[23:11:28] [Worker-Main-2/INFO]: Preparing spawn area: 0%
[23:11:28] [Worker-Main-2/INFO]: Preparing spawn area: 0%
[23:11:28] [Worker-Main-2/INFO]: Preparing spawn area: 0%
[23:11:28] [Worker-Main-2/INFO]: Preparing spawn area: 0%
[23:11:28] [Worker-Main-2/INFO]: Preparing spawn area: 0%
[23:11:28] [Worker-Main-2/INFO]: Preparing spawn area: 0%
[23:11:28] [Worker-Main-3/INFO]: Preparing spawn area: 11%
[23:11:29] [Worker-Main-2/INFO]: Preparing spawn area: 47%
[23:11:29] [Worker-Main-2/INFO]: Preparing spawn area: 93%
[23:11:29] [Server thread/INFO]: Time elapsed: 8046 ms
[23:11:29] [Server thread/INFO]: Done (8.293s)! For help, type "help"
[23:33:23] [Server thread/INFO]: MACHuuu012[/192.168.193.36:57527] logged in with entity id 50 at (694.0193745948343, 63.0, -651.4993694563598)
[23:33:23] [Server thread/INFO]: MACHuuu012 joined the game
[23:33:25] [Server thread/WARN]: Can't keep up! Is the server overloaded? Running 2198ms or 43 ticks behind
[23:34:27] [Server thread/INFO]: MACHuuu012 lost connection: Disconnected
[23:34:27] [Server thread/INFO]: MACHuuu012 left the game
[23:34:47] [Server thread/INFO]: MACHuuu012[/192.168.193.36:57535] logged in with entity id 393 at (694.0193745948343, 63.0, -651.4993694563598)
[23:34:47] [Server thread/INFO]: MACHuuu012 joined the game
[23:35:18] [Server thread/INFO]: MACHuuu012 lost connection: Timed out
[23:35:18] [Server thread/INFO]: MACHuuu012 left the game
[23:35:26] [Server thread/INFO]: MACHuuu012[/192.168.193.36:57537] logged in with entity id 672 at (694.0193745948343, 63.0, -651.4993694563598)
[23:35:26] [Server thread/INFO]: MACHuuu012 joined the game
[23:36:00] [Server thread/WARN]: MACHuuu012 was kicked for floating too long!
[23:36:00] [Server thread/WARN]: MACHuuu012 was kicked for floating too long!
[23:36:00] [Server thread/WARN]: MACHuuu012 was kicked for floating too long!
[23:36:00] [Server thread/WARN]: MACHuuu012 was kicked for floating too long!
[23:36:00] [Server thread/WARN]: MACHuuu012 was kicked for floating too long!
[23:36:00] [Server thread/WARN]: MACHuuu012 was kicked for floating too long!
[23:36:00] [Server thread/WARN]: MACHuuu012 was kicked for floating too long!
[23:36:00] [Server thread/WARN]: MACHuuu012 was kicked for floating too long!
[23:36:00] [Server thread/WARN]: MACHuuu012 was kicked for floating too long!
[23:36:00] [Server thread/WARN]: MACHuuu012 was kicked for floating too long!
[23:36:00] [Server thread/WARN]: MACHuuu012 was kicked for floating too long!
[23:36:00] [Server thread/WARN]: MACHuuu012 was kicked for floating too long!
[23:36:00] [Server thread/WARN]: MACHuuu012 was kicked for floating too long!
[23:36:00] [Server thread/WARN]: MACHuuu012 was kicked for floating too long!
[23:36:00] [Server thread/WARN]: MACHuuu012 was kicked for floating too long!
[23:36:00] [Server thread/WARN]: MACHuuu012 was kicked for floating too long!
[23:36:00] [Server thread/WARN]: MACHuuu012 was kicked for floating too long!
[23:36:00] [Server thread/WARN]: MACHuuu012 was kicked for floating too long!
[23:36:00] [Server thread/WARN]: MACHuuu012 was kicked for floating too long!
[23:36:00] [Server thread/WARN]: MACHuuu012 was kicked for floating too long!
[23:36:01] [Server thread/WARN]: MACHuuu012 was kicked for floating too long!
[23:36:01] [Server thread/WARN]: MACHuuu012 was kicked for floating too long!
[23:36:01] [Server thread/WARN]: MACHuuu012 was kicked for floating too long!
[23:36:01] [Server thread/WARN]: MACHuuu012 was kicked for floating too long!
[23:36:01] [Server thread/WARN]: MACHuuu012 was kicked for floating too long!
[23:36:01] [Server thread/WARN]: MACHuuu012 was kicked for floating too long!
[23:36:01] [Server thread/WARN]: MACHuuu012 was kicked for floating too long!
[23:36:01] [Server thread/WARN]: MACHuuu012 was kicked for floating too long!
[23:36:01] [Server thread/WARN]: MACHuuu012 was kicked for floating too long!
[23:36:01] [Server thread/WARN]: MACHuuu012 was kicked for floating too long!
[23:36:01] [Server thread/WARN]: MACHuuu012 was kicked for floating too long!
[23:36:01] [Server thread/WARN]: MACHuuu012 was kicked for floating too long!
[23:36:01] [Server thread/WARN]: MACHuuu012 was kicked for floating too long!
[23:36:01] [Server thread/WARN]: MACHuuu012 was kicked for floating too long!
[23:36:01] [Server thread/WARN]: MACHuuu012 was kicked for floating too long!
[23:36:01] [Server thread/WARN]: MACHuuu012 was kicked for floating too long!
[23:36:01] [Server thread/WARN]: MACHuuu012 was kicked for floating too long!
[23:36:01] [Server thread/WARN]: MACHuuu012 was kicked for floating too long!
[23:36:01] [Server thread/WARN]: MACHuuu012 was kicked for floating too long!
[23:36:01] [Server thread/WARN]: MACHuuu012 was kicked for floating too long!
[23:36:02] [Server thread/WARN]: MACHuuu012 was kicked for floating too long!
[23:36:02] [Server thread/WARN]: MACHuuu012 was kicked for floating too long!
[23:36:02] [Server thread/WARN]: MACHuuu012 was kicked for floating too long!
[23:36:02] [Server thread/WARN]: MACHuuu012 was kicked for floating too long!
[23:36:02] [Server thread/WARN]: MACHuuu012 was kicked for floating too long!
[23:36:02] [Server thread/WARN]: MACHuuu012 was kicked for floating too long!
[23:36:02] [Server thread/WARN]: MACHuuu012 was kicked for floating too long!
[23:36:02] [Server thread/WARN]: MACHuuu012 was kicked for floating too long!
[23:36:02] [Server thread/WARN]: MACHuuu012 was kicked for floating too long!
[23:36:02] [Server thread/WARN]: MACHuuu012 was kicked for floating too long!
[23:36:02] [Server thread/WARN]: MACHuuu012 was kicked for floating too long!
[23:36:02] [Server thread/WARN]: MACHuuu012 was kicked for floating too long!
[23:36:02] [Server thread/WARN]: MACHuuu012 was kicked for floating too long!
[23:36:02] [Server thread/WARN]: MACHuuu012 was kicked for floating too long!
[23:36:02] [Server thread/WARN]: MACHuuu012 was kicked for floating too long!
[23:36:02] [Server thread/WARN]: MACHuuu012 was kicked for floating too long!
[23:36:02] [Server thread/WARN]: MACHuuu012 was kicked for floating too long!
[23:36:02] [Server thread/WARN]: MACHuuu012 was kicked for floating too long!
[23:36:02] [Server thread/WARN]: MACHuuu012 was kicked for floating too long!
[23:36:02] [Server thread/WARN]: MACHuuu012 was kicked for floating too long!
[23:36:03] [Server thread/WARN]: MACHuuu012 was kicked for floating too long!
[23:36:03] [Server thread/WARN]: MACHuuu012 was kicked for floating too long!
[23:36:03] [Server thread/WARN]: MACHuuu012 was kicked for floating too long!
[23:36:03] [Server thread/WARN]: MACHuuu012 was kicked for floating too long!
[23:36:03] [Server thread/WARN]: MACHuuu012 was kicked for floating too long!
[23:36:03] [Server thread/WARN]: MACHuuu012 was kicked for floating too long!
[23:36:03] [Server thread/WARN]: MACHuuu012 was kicked for floating too long!
[23:36:03] [Server thread/WARN]: MACHuuu012 was kicked for floating too long!
[23:36:03] [Server thread/WARN]: MACHuuu012 was kicked for floating too long!
[23:36:03] [Server thread/WARN]: MACHuuu012 was kicked for floating too long!
[23:36:03] [Server thread/WARN]: MACHuuu012 was kicked for floating too long!
[23:36:03] [Server thread/WARN]: MACHuuu012 was kicked for floating too long!
[23:36:03] [Server thread/WARN]: MACHuuu012 was kicked for floating too long!
[23:36:03] [Server thread/WARN]: MACHuuu012 was kicked for floating too long!
[23:36:03] [Server thread/WARN]: MACHuuu012 was kicked for floating too long!
[23:36:03] [Server thread/WARN]: MACHuuu012 was kicked for floating too long!
[23:36:03] [Server thread/WARN]: MACHuuu012 was kicked for floating too long!
[23:36:03] [Server thread/WARN]: MACHuuu012 was kicked for floating too long!
[23:36:03] [Server thread/WARN]: MACHuuu012 was kicked for floating too long!
[23:36:03] [Server thread/WARN]: MACHuuu012 was kicked for floating too long!
[23:36:04] [Server thread/WARN]: MACHuuu012 was kicked for floating too long!
[23:36:04] [Server thread/WARN]: MACHuuu012 was kicked for floating too long!
[23:36:04] [Server thread/WARN]: MACHuuu012 was kicked for floating too long!
[23:36:04] [Server thread/WARN]: MACHuuu012 was kicked for floating too long!
[23:36:04] [Server thread/WARN]: MACHuuu012 was kicked for floating too long!
[23:36:04] [Server thread/WARN]: MACHuuu012 was kicked for floating too long!
[23:36:04] [Server thread/WARN]: MACHuuu012 was kicked for floating too long!
[23:36:04] [Server thread/WARN]: MACHuuu012 was kicked for floating too long!
[23:36:04] [Server thread/WARN]: MACHuuu012 was kicked for floating too long!
[23:36:04] [Server thread/WARN]: MACHuuu012 was kicked for floating too long!
[23:36:04] [Server thread/WARN]: MACHuuu012 was kicked for floating too long!
[23:36:04] [Server thread/WARN]: MACHuuu012 was kicked for floating too long!
[23:36:04] [Server thread/WARN]: MACHuuu012 was kicked for floating too long!
[23:36:04] [Server thread/WARN]: MACHuuu012 was kicked for floating too long!
[23:36:04] [Server thread/WARN]: MACHuuu012 was kicked for floating too long!
[23:36:04] [Server thread/WARN]: MACHuuu012 was kicked for floating too long!
[23:36:04] [Server thread/WARN]: MACHuuu012 was kicked for floating too long!
[23:36:04] [Server thread/WARN]: MACHuuu012 was kicked for floating too long!
[23:36:04] [Server thread/WARN]: MACHuuu012 was kicked for floating too long!
[23:36:04] [Server thread/WARN]: MACHuuu012 was kicked for floating too long!
[23:36:05] [Server thread/WARN]: MACHuuu012 was kicked for floating too long!
[23:36:05] [Server thread/WARN]: MACHuuu012 was kicked for floating too long!
[23:36:05] [Server thread/WARN]: MACHuuu012 was kicked for floating too long!
[23:36:05] [Server thread/WARN]: MACHuuu012 was kicked for floating too long!
[23:36:05] [Server thread/WARN]: MACHuuu012 was kicked for floating too long!
[23:36:05] [Server thread/WARN]: MACHuuu012 was kicked for floating too long!
[23:36:05] [Server thread/WARN]: MACHuuu012 was kicked for floating too long!
[23:36:05] [Server thread/WARN]: MACHuuu012 was kicked for floating too long!
[23:36:05] [Server thread/WARN]: MACHuuu012 was kicked for floating too long!
[23:36:05] [Server thread/WARN]: MACHuuu012 was kicked for floating too long!
[23:36:05] [Server thread/WARN]: MACHuuu012 was kicked for floating too long!
[23:36:05] [Server thread/WARN]: MACHuuu012 was kicked for floating too long!
[23:36:05] [Server thread/WARN]: MACHuuu012 was kicked for floating too long!
[23:36:05] [Server thread/WARN]: MACHuuu012 was kicked for floating too long!
[23:36:05] [Server thread/WARN]: MACHuuu012 was kicked for floating too long!
[23:36:05] [Server thread/WARN]: MACHuuu012 was kicked for floating too long!
[23:36:05] [Server thread/WARN]: MACHuuu012 was kicked for floating too long!
[23:36:05] [Server thread/WARN]: MACHuuu012 was kicked for floating too long!
[23:36:05] [Server thread/WARN]: MACHuuu012 was kicked for floating too long!
[23:36:05] [Server thread/WARN]: MACHuuu012 was kicked for floating too long!
[23:36:06] [Server thread/WARN]: MACHuuu012 was kicked for floating too long!
[23:36:06] [Server thread/WARN]: MACHuuu012 was kicked for floating too long!
[23:36:06] [Server thread/WARN]: MACHuuu012 was kicked for floating too long!
[23:36:06] [Server thread/WARN]: MACHuuu012 was kicked for floating too long!
[23:36:06] [Server thread/WARN]: MACHuuu012 was kicked for floating too long!
[23:36:06] [Server thread/WARN]: MACHuuu012 was kicked for floating too long!
[23:36:06] [Server thread/WARN]: MACHuuu012 was kicked for floating too long!
[23:36:06] [Server thread/WARN]: MACHuuu012 was kicked for floating too long!
[23:36:06] [Server thread/WARN]: MACHuuu012 was kicked for floating too long!
[23:36:06] [Server thread/WARN]: MACHuuu012 was kicked for floating too long!
[23:36:06] [Server thread/WARN]: MACHuuu012 was kicked for floating too long!
[23:36:06] [Server thread/WARN]: MACHuuu012 was kicked for floating too long!
[23:36:06] [Server thread/WARN]: MACHuuu012 was kicked for floating too long!
[23:36:06] [Server thread/WARN]: MACHuuu012 was kicked for floating too long!
[23:36:06] [Server thread/WARN]: MACHuuu012 was kicked for floating too long!
[23:36:06] [Server thread/WARN]: MACHuuu012 was kicked for floating too long!
[23:36:06] [Server thread/WARN]: MACHuuu012 was kicked for floating too long!
[23:36:06] [Server thread/WARN]: MACHuuu012 was kicked for floating too long!
[23:36:06] [Server thread/WARN]: MACHuuu012 was kicked for floating too long!
[23:36:06] [Server thread/WARN]: MACHuuu012 was kicked for floating too long!
[23:36:07] [Server thread/WARN]: MACHuuu012 was kicked for floating too long!
[23:36:07] [Server thread/WARN]: MACHuuu012 was kicked for floating too long!
[23:36:07] [Server thread/WARN]: MACHuuu012 was kicked for floating too long!
[23:36:07] [Server thread/WARN]: MACHuuu012 was kicked for floating too long!
[23:36:07] [Server thread/WARN]: MACHuuu012 was kicked for floating too long!
[23:36:07] [Server thread/WARN]: MACHuuu012 was kicked for floating too long!
[23:36:07] [Server thread/WARN]: MACHuuu012 was kicked for floating too long!
[23:36:07] [Server thread/WARN]: MACHuuu012 was kicked for floating too long!
[23:36:07] [Server thread/WARN]: MACHuuu012 was kicked for floating too long!
[23:36:07] [Server thread/WARN]: MACHuuu012 was kicked for floating too long!
[23:36:07] [Server thread/WARN]: MACHuuu012 was kicked for floating too long!
[23:36:07] [Server thread/WARN]: MACHuuu012 was kicked for floating too long!
[23:36:07] [Server thread/WARN]: MACHuuu012 was kicked for floating too long!
[23:36:07] [Server thread/WARN]: MACHuuu012 was kicked for floating too long!
[23:36:07] [Server thread/WARN]: MACHuuu012 was kicked for floating too long!
[23:36:07] [Server thread/WARN]: MACHuuu012 was kicked for floating too long!
[23:36:07] [Server thread/WARN]: MACHuuu012 was kicked for floating too long!
[23:36:07] [Server thread/WARN]: MACHuuu012 was kicked for floating too long!
[23:36:07] [Server thread/WARN]: MACHuuu012 was kicked for floating too long!
[23:36:08] [Server thread/WARN]: MACHuuu012 was kicked for floating too long!
[23:36:08] [Server thread/WARN]: MACHuuu012 was kicked for floating too long!
[23:36:08] [Server thread/WARN]: MACHuuu012 was kicked for floating too long!
[23:36:08] [Server thread/WARN]: MACHuuu012 was kicked for floating too long!
[23:36:08] [Server thread/WARN]: MACHuuu012 was kicked for floating too long!
[23:36:08] [Server thread/WARN]: MACHuuu012 was kicked for floating too long!
[23:36:08] [Server thread/WARN]: MACHuuu012 was kicked for floating too long!
[23:36:08] [Server thread/WARN]: MACHuuu012 was kicked for floating too long!
[23:36:08] [Server thread/WARN]: MACHuuu012 was kicked for floating too long!
[23:36:08] [Server thread/WARN]: MACHuuu012 was kicked for floating too long!
[23:36:08] [Server thread/WARN]: MACHuuu012 was kicked for floating too long!
[23:36:08] [Server thread/WARN]: MACHuuu012 was kicked for floating too long!
[23:36:08] [Server thread/WARN]: MACHuuu012 was kicked for floating too long!
[23:36:08] [Server thread/WARN]: MACHuuu012 was kicked for floating too long!
[23:36:08] [Server thread/WARN]: MACHuuu012 was kicked for floating too long!
[23:36:08] [Server thread/WARN]: MACHuuu012 was kicked for floating too long!
[23:36:08] [Server thread/WARN]: MACHuuu012 was kicked for floating too long!
[23:36:08] [Server thread/WARN]: MACHuuu012 was kicked for floating too long!
[23:36:08] [Server thread/WARN]: MACHuuu012 was kicked for floating too long!
[23:36:08] [Server thread/WARN]: MACHuuu012 was kicked for floating too long!
[23:36:08] [Server thread/WARN]: MACHuuu012 was kicked for floating too long!
[23:36:09] [Server thread/WARN]: MACHuuu012 was kicked for floating too long!
[23:36:09] [Server thread/WARN]: MACHuuu012 was kicked for floating too long!
[23:36:09] [Server thread/WARN]: MACHuuu012 was kicked for floating too long!
[23:36:09] [Server thread/WARN]: MACHuuu012 was kicked for floating too long!
[23:36:09] [Server thread/WARN]: MACHuuu012 was kicked for floating too long!
[23:36:09] [Server thread/WARN]: MACHuuu012 was kicked for floating too long!
[23:36:09] [Server thread/WARN]: MACHuuu012 was kicked for floating too long!
[23:36:09] [Server thread/WARN]: MACHuuu012 was kicked for floating too long!
[23:36:09] [Server thread/WARN]: MACHuuu012 was kicked for floating too long!
[23:36:09] [Server thread/WARN]: MACHuuu012 was kicked for floating too long!
[23:36:09] [Server thread/WARN]: MACHuuu012 was kicked for floating too long!
[23:36:09] [Server thread/WARN]: MACHuuu012 was kicked for floating too long!
[23:36:09] [Server thread/WARN]: MACHuuu012 was kicked for floating too long!
[23:36:09] [Server thread/WARN]: MACHuuu012 was kicked for floating too long!
[23:36:09] [Server thread/WARN]: MACHuuu012 was kicked for floating too long!
[23:36:09] [Server thread/WARN]: MACHuuu012 was kicked for floating too long!
[23:36:09] [Server thread/WARN]: MACHuuu012 was kicked for floating too long!
[23:36:09] [Server thread/WARN]: MACHuuu012 was kicked for floating too long!
[23:36:09] [Server thread/WARN]: MACHuuu012 was kicked for floating too long!
[23:36:09] [Server thread/WARN]: MACHuuu012 was kicked for floating too long!
[23:36:10] [Server thread/WARN]: MACHuuu012 was kicked for floating too long!
[23:36:10] [Server thread/WARN]: MACHuuu012 was kicked for floating too long!
[23:36:10] [Server thread/WARN]: MACHuuu012 was kicked for floating too long!
[23:36:10] [Server thread/WARN]: MACHuuu012 was kicked for floating too long!
[23:36:10] [Server thread/WARN]: MACHuuu012 was kicked for floating too long!
[23:36:10] [Server thread/WARN]: MACHuuu012 was kicked for floating too long!
[23:36:10] [Server thread/WARN]: MACHuuu012 was kicked for floating too long!
[23:36:10] [Server thread/WARN]: MACHuuu012 was kicked for floating too long!
[23:36:10] [Server thread/WARN]: MACHuuu012 was kicked for floating too long!
[23:36:10] [Server thread/WARN]: MACHuuu012 was kicked for floating too long!
[23:36:10] [Server thread/WARN]: MACHuuu012 was kicked for floating too long!
[23:36:10] [Server thread/WARN]: MACHuuu012 was kicked for floating too long!
[23:36:10] [Server thread/WARN]: MACHuuu012 was kicked for floating too long!
[23:36:10] [Server thread/WARN]: MACHuuu012 was kicked for floating too long!
[23:36:10] [Server thread/WARN]: MACHuuu012 was kicked for floating too long!
[23:36:10] [Server thread/WARN]: MACHuuu012 was kicked for floating too long!
[23:36:10] [Server thread/WARN]: MACHuuu012 was kicked for floating too long!
[23:36:10] [Server thread/WARN]: MACHuuu012 was kicked for floating too long!
[23:36:10] [Server thread/WARN]: MACHuuu012 was kicked for floating too long!
[23:36:10] [Server thread/WARN]: MACHuuu012 was kicked for floating too long!
[23:36:11] [Server thread/WARN]: MACHuuu012 was kicked for floating too long!
[23:36:11] [Server thread/WARN]: MACHuuu012 was kicked for floating too long!
[23:36:11] [Server thread/WARN]: MACHuuu012 was kicked for floating too long!
[23:36:11] [Server thread/WARN]: MACHuuu012 was kicked for floating too long!
[23:36:11] [Server thread/WARN]: MACHuuu012 was kicked for floating too long!
[23:36:11] [Server thread/WARN]: MACHuuu012 was kicked for floating too long!
[23:36:11] [Server thread/WARN]: MACHuuu012 was kicked for floating too long!
[23:36:11] [Server thread/WARN]: MACHuuu012 was kicked for floating too long!
[23:36:11] [Server thread/WARN]: MACHuuu012 was kicked for floating too long!
[23:36:11] [Server thread/WARN]: MACHuuu012 was kicked for floating too long!
[23:36:11] [Server thread/WARN]: MACHuuu012 was kicked for floating too long!
[23:36:11] [Server thread/WARN]: MACHuuu012 was kicked for floating too long!
[23:36:11] [Server thread/WARN]: MACHuuu012 was kicked for floating too long!
[23:36:11] [Server thread/WARN]: MACHuuu012 was kicked for floating too long!
[23:36:11] [Server thread/WARN]: MACHuuu012 was kicked for floating too long!
[23:36:11] [Server thread/WARN]: MACHuuu012 was kicked for floating too long!
[23:36:11] [Server thread/WARN]: MACHuuu012 was kicked for floating too long!
[23:36:11] [Server thread/WARN]: MACHuuu012 was kicked for floating too long!
[23:36:11] [Server thread/WARN]: MACHuuu012 was kicked for floating too long!
[23:36:11] [Server thread/WARN]: MACHuuu012 was kicked for floating too long!
[23:36:12] [Server thread/WARN]: MACHuuu012 was kicked for floating too long!
[23:36:12] [Server thread/WARN]: MACHuuu012 was kicked for floating too long!
[23:36:12] [Server thread/WARN]: MACHuuu012 was kicked for floating too long!
[23:36:12] [Server thread/WARN]: MACHuuu012 was kicked for floating too long!
[23:36:12] [Server thread/WARN]: MACHuuu012 was kicked for floating too long!
[23:36:12] [Server thread/WARN]: MACHuuu012 was kicked for floating too long!
[23:36:12] [Server thread/WARN]: MACHuuu012 was kicked for floating too long!
[23:36:12] [Server thread/WARN]: MACHuuu012 was kicked for floating too long!
[23:36:12] [Server thread/WARN]: MACHuuu012 was kicked for floating too long!
[23:36:12] [Server thread/WARN]: MACHuuu012 was kicked for floating too long!
[23:36:12] [Server thread/WARN]: MACHuuu012 was kicked for floating too long!
[23:36:12] [Server thread/WARN]: MACHuuu012 was kicked for floating too long!
[23:36:12] [Server thread/WARN]: MACHuuu012 was kicked for floating too long!
[23:36:12] [Server thread/WARN]: MACHuuu012 was kicked for floating too long!
[23:36:12] [Server thread/WARN]: MACHuuu012 was kicked for floating too long!
[23:36:12] [Server thread/WARN]: MACHuuu012 was kicked for floating too long!
[23:36:12] [Server thread/WARN]: MACHuuu012 was kicked for floating too long!
[23:36:12] [Server thread/WARN]: MACHuuu012 was kicked for floating too long!
[23:36:12] [Server thread/WARN]: MACHuuu012 was kicked for floating too long!
[23:36:12] [Server thread/WARN]: MACHuuu012 was kicked for floating too long!
[23:36:13] [Server thread/WARN]: MACHuuu012 was kicked for floating too long!
[23:36:13] [Server thread/WARN]: MACHuuu012 was kicked for floating too long!
[23:36:13] [Server thread/WARN]: MACHuuu012 was kicked for floating too long!
[23:36:13] [Server thread/WARN]: MACHuuu012 was kicked for floating too long!
[23:36:13] [Server thread/WARN]: MACHuuu012 was kicked for floating too long!
[23:36:13] [Server thread/WARN]: MACHuuu012 was kicked for floating too long!
[23:36:13] [Server thread/WARN]: MACHuuu012 was kicked for floating too long!
[23:36:13] [Server thread/WARN]: MACHuuu012 was kicked for floating too long!
[23:36:13] [Server thread/WARN]: MACHuuu012 was kicked for floating too long!
[23:36:13] [Server thread/WARN]: MACHuuu012 was kicked for floating too long!
[23:36:13] [Server thread/WARN]: MACHuuu012 was kicked for floating too long!
[23:36:13] [Server thread/WARN]: MACHuuu012 was kicked for floating too long!
[23:36:13] [Server thread/WARN]: MACHuuu012 was kicked for floating too long!
[23:36:13] [Server thread/WARN]: MACHuuu012 was kicked for floating too long!
[23:36:13] [Server thread/WARN]: MACHuuu012 was kicked for floating too long!
[23:36:13] [Server thread/WARN]: MACHuuu012 was kicked for floating too long!
[23:36:13] [Server thread/WARN]: MACHuuu012 was kicked for floating too long!
[23:36:13] [Server thread/WARN]: MACHuuu012 was kicked for floating too long!
[23:36:13] [Server thread/WARN]: MACHuuu012 was kicked for floating too long!
[23:36:13] [Server thread/WARN]: MACHuuu012 was kicked for floating too long!
[23:36:14] [Server thread/WARN]: MACHuuu012 was kicked for floating too long!
[23:36:14] [Server thread/WARN]: MACHuuu012 was kicked for floating too long!
[23:36:14] [Server thread/WARN]: MACHuuu012 was kicked for floating too long!
[23:36:14] [Server thread/WARN]: MACHuuu012 was kicked for floating too long!
[23:36:14] [Server thread/WARN]: MACHuuu012 was kicked for floating too long!
[23:36:14] [Server thread/WARN]: MACHuuu012 was kicked for floating too long!
[23:36:14] [Server thread/WARN]: MACHuuu012 was kicked for floating too long!
[23:36:14] [Server thread/WARN]: MACHuuu012 was kicked for floating too long!
[23:36:14] [Server thread/WARN]: MACHuuu012 was kicked for floating too long!
[23:36:14] [Server thread/WARN]: MACHuuu012 was kicked for floating too long!
[23:36:14] [Server thread/WARN]: MACHuuu012 was kicked for floating too long!
[23:36:14] [Server thread/WARN]: MACHuuu012 was kicked for floating too long!
[23:36:14] [Server thread/WARN]: MACHuuu012 was kicked for floating too long!
[23:36:14] [Server thread/WARN]: MACHuuu012 was kicked for floating too long!
[23:36:14] [Server thread/WARN]: MACHuuu012 was kicked for floating too long!
[23:36:14] [Server thread/WARN]: MACHuuu012 was kicked for floating too long!
[23:36:14] [Server thread/WARN]: MACHuuu012 was kicked for floating too long!
[23:36:14] [Server thread/WARN]: MACHuuu012 was kicked for floating too long!
[23:36:14] [Server thread/WARN]: MACHuuu012 was kicked for floating too long!
[23:36:14] [Server thread/WARN]: MACHuuu012 was kicked for floating too long!
[23:36:15] [Server thread/WARN]: MACHuuu012 was kicked for floating too long!
[23:36:15] [Server thread/WARN]: MACHuuu012 was kicked for floating too long!
[23:36:15] [Server thread/WARN]: MACHuuu012 was kicked for floating too long!
[23:36:15] [Server thread/WARN]: MACHuuu012 was kicked for floating too long!
[23:36:15] [Server thread/WARN]: MACHuuu012 was kicked for floating too long!
[23:36:15] [Server thread/WARN]: MACHuuu012 was kicked for floating too long!
[23:36:15] [Server thread/WARN]: MACHuuu012 was kicked for floating too long!
[23:36:15] [Server thread/WARN]: MACHuuu012 was kicked for floating too long!
[23:36:15] [Server thread/WARN]: MACHuuu012 was kicked for floating too long!
[23:36:15] [Server thread/WARN]: MACHuuu012 was kicked for floating too long!
[23:36:15] [Server thread/WARN]: MACHuuu012 was kicked for floating too long!
[23:36:15] [Server thread/WARN]: MACHuuu012 was kicked for floating too long!
[23:36:15] [Server thread/WARN]: MACHuuu012 was kicked for floating too long!
[23:36:15] [Server thread/WARN]: MACHuuu012 was kicked for floating too long!
[23:36:15] [Server thread/WARN]: MACHuuu012 was kicked for floating too long!
[23:36:15] [Server thread/WARN]: MACHuuu012 was kicked for floating too long!
[23:36:15] [Server thread/WARN]: MACHuuu012 was kicked for floating too long!
[23:36:15] [Server thread/WARN]: MACHuuu012 was kicked for floating too long!
[23:36:15] [Server thread/WARN]: MACHuuu012 was kicked for floating too long!
[23:36:15] [Server thread/WARN]: MACHuuu012 was kicked for floating too long!
[23:36:16] [Server thread/WARN]: MACHuuu012 was kicked for floating too long!
[23:36:16] [Server thread/WARN]: MACHuuu012 was kicked for floating too long!
[23:36:16] [Server thread/WARN]: MACHuuu012 was kicked for floating too long!
[23:36:16] [Server thread/WARN]: MACHuuu012 was kicked for floating too long!
[23:36:16] [Server thread/WARN]: MACHuuu012 was kicked for floating too long!
[23:36:16] [Server thread/WARN]: MACHuuu012 was kicked for floating too long!
[23:36:16] [Server thread/WARN]: MACHuuu012 was kicked for floating too long!
[23:36:16] [Server thread/WARN]: MACHuuu012 was kicked for floating too long!
[23:36:16] [Server thread/WARN]: MACHuuu012 was kicked for floating too long!
[23:36:16] [Server thread/WARN]: MACHuuu012 was kicked for floating too long!
[23:36:16] [Server thread/WARN]: MACHuuu012 was kicked for floating too long!
[23:36:16] [Server thread/WARN]: MACHuuu012 was kicked for floating too long!
[23:36:16] [Server thread/WARN]: MACHuuu012 was kicked for floating too long!
[23:36:16] [Server thread/WARN]: MACHuuu012 was kicked for floating too long!
[23:36:16] [Server thread/WARN]: MACHuuu012 was kicked for floating too long!
[23:36:16] [Server thread/WARN]: MACHuuu012 was kicked for floating too long!
[23:36:16] [Server thread/WARN]: MACHuuu012 was kicked for floating too long!
[23:36:16] [Server thread/WARN]: MACHuuu012 was kicked for floating too long!
[23:36:16] [Server thread/WARN]: MACHuuu012 was kicked for floating too long!
[23:36:16] [Server thread/WARN]: MACHuuu012 was kicked for floating too long!
[23:36:17] [Server thread/WARN]: MACHuuu012 was kicked for floating too long!
[23:36:17] [Server thread/WARN]: MACHuuu012 was kicked for floating too long!
[23:36:17] [Server thread/WARN]: MACHuuu012 was kicked for floating too long!
[23:36:17] [Server thread/WARN]: MACHuuu012 was kicked for floating too long!
[23:36:17] [Server thread/WARN]: MACHuuu012 was kicked for floating too long!
[23:36:17] [Server thread/WARN]: MACHuuu012 was kicked for floating too long!
[23:36:17] [Server thread/WARN]: MACHuuu012 was kicked for floating too long!
[23:36:17] [Server thread/WARN]: MACHuuu012 was kicked for floating too long!
[23:36:17] [Server thread/WARN]: MACHuuu012 was kicked for floating too long!
[23:36:17] [Server thread/WARN]: MACHuuu012 was kicked for floating too long!
[23:36:17] [Server thread/WARN]: MACHuuu012 was kicked for floating too long!
[23:36:17] [Server thread/WARN]: MACHuuu012 was kicked for floating too long!
[23:36:17] [Server thread/WARN]: MACHuuu012 was kicked for floating too long!
[23:36:17] [Server thread/WARN]: MACHuuu012 was kicked for floating too long!
[23:36:17] [Server thread/WARN]: MACHuuu012 was kicked for floating too long!
[23:36:17] [Server thread/WARN]: MACHuuu012 was kicked for floating too long!
[23:36:17] [Server thread/WARN]: MACHuuu012 was kicked for floating too long!
[23:36:17] [Server thread/WARN]: MACHuuu012 was kicked for floating too long!
[23:36:17] [Server thread/WARN]: MACHuuu012 was kicked for floating too long!
[23:36:17] [Server thread/WARN]: MACHuuu012 was kicked for floating too long!
[23:36:18] [Server thread/WARN]: MACHuuu012 was kicked for floating too long!
[23:36:18] [Server thread/WARN]: MACHuuu012 was kicked for floating too long!
[23:36:18] [Server thread/WARN]: MACHuuu012 was kicked for floating too long!
[23:36:18] [Server thread/WARN]: MACHuuu012 was kicked for floating too long!
[23:36:18] [Server thread/WARN]: MACHuuu012 was kicked for floating too long!
[23:36:18] [Server thread/WARN]: MACHuuu012 was kicked for floating too long!
[23:36:18] [Server thread/WARN]: MACHuuu012 was kicked for floating too long!
[23:36:18] [Server thread/WARN]: MACHuuu012 was kicked for floating too long!
[23:36:18] [Server thread/WARN]: MACHuuu012 was kicked for floating too long!
[23:36:18] [Server thread/WARN]: MACHuuu012 was kicked for floating too long!
[23:36:18] [Server thread/WARN]: MACHuuu012 was kicked for floating too long!
[23:36:18] [Server thread/WARN]: MACHuuu012 was kicked for floating too long!
[23:36:18] [Server thread/WARN]: MACHuuu012 was kicked for floating too long!
[23:36:18] [Server thread/WARN]: MACHuuu012 was kicked for floating too long!
[23:36:18] [Server thread/WARN]: MACHuuu012 was kicked for floating too long!
[23:36:18] [Server thread/WARN]: MACHuuu012 was kicked for floating too long!
[23:36:18] [Server thread/WARN]: MACHuuu012 was kicked for floating too long!
[23:36:18] [Server thread/WARN]: MACHuuu012 was kicked for floating too long!
[23:36:18] [Server thread/WARN]: MACHuuu012 was kicked for floating too long!
[23:36:18] [Server thread/WARN]: MACHuuu012 was kicked for floating too long!
[23:36:19] [Server thread/WARN]: MACHuuu012 was kicked for floating too long!
[23:36:19] [Server thread/WARN]: MACHuuu012 was kicked for floating too long!
[23:36:19] [Server thread/WARN]: MACHuuu012 was kicked for floating too long!
[23:36:19] [Server thread/WARN]: MACHuuu012 was kicked for floating too long!
[23:36:19] [Server thread/WARN]: MACHuuu012 was kicked for floating too long!
[23:36:19] [Server thread/WARN]: MACHuuu012 was kicked for floating too long!
[23:36:19] [Server thread/WARN]: MACHuuu012 was kicked for floating too long!
[23:36:19] [Server thread/WARN]: MACHuuu012 was kicked for floating too long!
[23:36:19] [Server thread/WARN]: MACHuuu012 was kicked for floating too long!
[23:36:19] [Server thread/WARN]: MACHuuu012 was kicked for floating too long!
[23:36:19] [Server thread/WARN]: MACHuuu012 was kicked for floating too long!
[23:36:19] [Server thread/WARN]: MACHuuu012 was kicked for floating too long!
[23:36:19] [Server thread/WARN]: MACHuuu012 was kicked for floating too long!
[23:36:19] [Server thread/WARN]: MACHuuu012 was kicked for floating too long!
[23:36:19] [Server thread/WARN]: MACHuuu012 was kicked for floating too long!
[23:36:19] [Server thread/WARN]: MACHuuu012 was kicked for floating too long!
[23:36:19] [Server thread/WARN]: MACHuuu012 was kicked for floating too long!
[23:36:19] [Server thread/WARN]: MACHuuu012 was kicked for floating too long!
[23:36:19] [Server thread/WARN]: MACHuuu012 was kicked for floating too long!
[23:36:19] [Server thread/WARN]: MACHuuu012 was kicked for floating too long!
[23:36:20] [Server thread/WARN]: MACHuuu012 was kicked for floating too long!
[23:36:20] [Server thread/WARN]: MACHuuu012 was kicked for floating too long!
[23:36:20] [Server thread/WARN]: MACHuuu012 was kicked for floating too long!
[23:36:20] [Server thread/WARN]: MACHuuu012 was kicked for floating too long!
[23:36:20] [Server thread/WARN]: MACHuuu012 was kicked for floating too long!
[23:36:20] [Server thread/WARN]: MACHuuu012 was kicked for floating too long!
[23:36:20] [Server thread/WARN]: MACHuuu012 was kicked for floating too long!
[23:36:20] [Server thread/WARN]: MACHuuu012 was kicked for floating too long!
[23:36:20] [Server thread/WARN]: MACHuuu012 was kicked for floating too long!
[23:36:20] [Server thread/WARN]: MACHuuu012 was kicked for floating too long!
[23:36:20] [Server thread/WARN]: MACHuuu012 was kicked for floating too long!
[23:36:20] [Server thread/WARN]: MACHuuu012 was kicked for floating too long!
[23:36:20] [Server thread/WARN]: MACHuuu012 was kicked for floating too long!
[23:36:20] [Server thread/WARN]: MACHuuu012 was kicked for floating too long!
[23:36:20] [Server thread/WARN]: MACHuuu012 was kicked for floating too long!
[23:36:20] [Server thread/WARN]: MACHuuu012 was kicked for floating too long!
[23:36:20] [Server thread/WARN]: MACHuuu012 was kicked for floating too long!
[23:36:20] [Server thread/WARN]: MACHuuu012 was kicked for floating too long!
[23:36:20] [Server thread/WARN]: MACHuuu012 was kicked for floating too long!
[23:36:20] [Server thread/WARN]: MACHuuu012 was kicked for floating too long!
[23:36:21] [Server thread/WARN]: MACHuuu012 was kicked for floating too long!
[23:36:21] [Server thread/WARN]: MACHuuu012 was kicked for floating too long!
[23:36:21] [Server thread/WARN]: MACHuuu012 was kicked for floating too long!
[23:36:21] [Server thread/WARN]: MACHuuu012 was kicked for floating too long!
[23:36:21] [Server thread/WARN]: MACHuuu012 was kicked for floating too long!
[23:36:21] [Server thread/WARN]: MACHuuu012 was kicked for floating too long!
[23:36:21] [Server thread/WARN]: MACHuuu012 was kicked for floating too long!
[23:36:21] [Server thread/WARN]: MACHuuu012 was kicked for floating too long!
[23:36:21] [Server thread/WARN]: MACHuuu012 was kicked for floating too long!
[23:36:21] [Server thread/WARN]: MACHuuu012 was kicked for floating too long!
[23:36:21] [Server thread/WARN]: MACHuuu012 was kicked for floating too long!
[23:36:21] [Server thread/WARN]: MACHuuu012 was kicked for floating too long!
[23:36:21] [Server thread/WARN]: MACHuuu012 was kicked for floating too long!
[23:36:21] [Server thread/WARN]: MACHuuu012 was kicked for floating too long!
[23:36:21] [Server thread/WARN]: MACHuuu012 was kicked for floating too long!
[23:36:21] [Server thread/WARN]: MACHuuu012 was kicked for floating too long!
[23:36:21] [Server thread/WARN]: MACHuuu012 was kicked for floating too long!
[23:36:21] [Server thread/WARN]: MACHuuu012 was kicked for floating too long!
[23:36:21] [Server thread/WARN]: MACHuuu012 was kicked for floating too long!
[23:36:21] [Server thread/WARN]: MACHuuu012 was kicked for floating too long!
[23:36:22] [Server thread/WARN]: MACHuuu012 was kicked for floating too long!
[23:36:22] [Server thread/WARN]: MACHuuu012 was kicked for floating too long!
[23:36:22] [Server thread/WARN]: MACHuuu012 was kicked for floating too long!
[23:36:22] [Server thread/WARN]: MACHuuu012 was kicked for floating too long!
[23:36:22] [Server thread/WARN]: MACHuuu012 was kicked for floating too long!
[23:36:22] [Server thread/WARN]: MACHuuu012 was kicked for floating too long!
[23:36:22] [Server thread/WARN]: MACHuuu012 was kicked for floating too long!
[23:36:22] [Server thread/WARN]: MACHuuu012 was kicked for floating too long!
[23:36:22] [Server thread/WARN]: MACHuuu012 was kicked for floating too long!
[23:36:22] [Server thread/WARN]: MACHuuu012 was kicked for floating too long!
[23:36:22] [Server thread/WARN]: MACHuuu012 was kicked for floating too long!
[23:36:22] [Server thread/WARN]: MACHuuu012 was kicked for floating too long!
[23:36:22] [Server thread/WARN]: MACHuuu012 was kicked for floating too long!
[23:36:22] [Server thread/WARN]: MACHuuu012 was kicked for floating too long!
[23:36:22] [Server thread/WARN]: MACHuuu012 was kicked for floating too long!
[23:36:22] [Server thread/WARN]: MACHuuu012 was kicked for floating too long!
[23:36:22] [Server thread/WARN]: MACHuuu012 was kicked for floating too long!
[23:36:22] [Server thread/WARN]: MACHuuu012 was kicked for floating too long!
[23:36:22] [Server thread/WARN]: MACHuuu012 was kicked for floating too long!
[23:36:22] [Server thread/WARN]: MACHuuu012 was kicked for floating too long!
[23:36:23] [Server thread/WARN]: MACHuuu012 was kicked for floating too long!
[23:36:23] [Server thread/WARN]: MACHuuu012 was kicked for floating too long!
[23:36:23] [Server thread/WARN]: MACHuuu012 was kicked for floating too long!
[23:36:23] [Server thread/WARN]: MACHuuu012 was kicked for floating too long!
[23:36:23] [Server thread/WARN]: MACHuuu012 was kicked for floating too long!
[23:36:23] [Server thread/WARN]: MACHuuu012 was kicked for floating too long!
[23:36:23] [Server thread/WARN]: MACHuuu012 was kicked for floating too long!
[23:36:23] [Server thread/WARN]: MACHuuu012 was kicked for floating too long!
[23:36:23] [Server thread/WARN]: MACHuuu012 was kicked for floating too long!
[23:36:23] [Server thread/WARN]: MACHuuu012 was kicked for floating too long!
[23:36:23] [Server thread/WARN]: MACHuuu012 was kicked for floating too long!
[23:36:23] [Server thread/WARN]: MACHuuu012 was kicked for floating too long!
[23:36:23] [Server thread/WARN]: MACHuuu012 was kicked for floating too long!
[23:36:23] [Server thread/WARN]: MACHuuu012 was kicked for floating too long!
[23:36:23] [Server thread/WARN]: MACHuuu012 was kicked for floating too long!
[23:36:23] [Server thread/WARN]: MACHuuu012 was kicked for floating too long!
[23:36:23] [Server thread/WARN]: MACHuuu012 was kicked for floating too long!
[23:36:23] [Server thread/WARN]: MACHuuu012 was kicked for floating too long!
[23:36:23] [Server thread/WARN]: MACHuuu012 was kicked for floating too long!
[23:36:23] [Server thread/WARN]: MACHuuu012 was kicked for floating too long!
[23:36:24] [Server thread/WARN]: MACHuuu012 was kicked for floating too long!
[23:36:24] [Server thread/WARN]: MACHuuu012 was kicked for floating too long!
[23:36:24] [Server thread/WARN]: MACHuuu012 was kicked for floating too long!
[23:36:24] [Server thread/WARN]: MACHuuu012 was kicked for floating too long!
[23:36:24] [Server thread/WARN]: MACHuuu012 was kicked for floating too long!
[23:36:24] [Server thread/WARN]: MACHuuu012 was kicked for floating too long!
[23:36:24] [Server thread/WARN]: MACHuuu012 was kicked for floating too long!
[23:36:24] [Server thread/WARN]: MACHuuu012 was kicked for floating too long!
[23:36:24] [Server thread/WARN]: MACHuuu012 was kicked for floating too long!
[23:36:24] [Server thread/WARN]: MACHuuu012 was kicked for floating too long!
[23:36:24] [Server thread/WARN]: MACHuuu012 was kicked for floating too long!
[23:36:24] [Server thread/WARN]: MACHuuu012 was kicked for floating too long!
[23:36:24] [Server thread/WARN]: MACHuuu012 was kicked for floating too long!
[23:36:24] [Server thread/WARN]: MACHuuu012 was kicked for floating too long!
[23:36:24] [Server thread/WARN]: MACHuuu012 was kicked for floating too long!
[23:36:24] [Server thread/WARN]: MACHuuu012 was kicked for floating too long!
[23:36:24] [Server thread/WARN]: MACHuuu012 was kicked for floating too long!
[23:36:24] [Server thread/WARN]: MACHuuu012 was kicked for floating too long!
[23:36:24] [Server thread/WARN]: MACHuuu012 was kicked for floating too long!
[23:36:24] [Server thread/WARN]: MACHuuu012 was kicked for floating too long!
[23:36:25] [Server thread/WARN]: MACHuuu012 was kicked for floating too long!
[23:36:25] [Server thread/WARN]: MACHuuu012 was kicked for floating too long!
[23:36:25] [Server thread/WARN]: MACHuuu012 was kicked for floating too long!
[23:36:25] [Server thread/WARN]: MACHuuu012 was kicked for floating too long!
[23:36:25] [Server thread/WARN]: MACHuuu012 was kicked for floating too long!
[23:36:25] [Server thread/WARN]: MACHuuu012 was kicked for floating too long!
[23:36:25] [Server thread/WARN]: MACHuuu012 was kicked for floating too long!
[23:36:25] [Server thread/WARN]: MACHuuu012 was kicked for floating too long!
[23:36:25] [Server thread/WARN]: MACHuuu012 was kicked for floating too long!
[23:36:25] [Server thread/WARN]: MACHuuu012 was kicked for floating too long!
[23:36:25] [Server thread/WARN]: MACHuuu012 was kicked for floating too long!
[23:36:25] [Server thread/WARN]: MACHuuu012 was kicked for floating too long!
[23:36:25] [Server thread/WARN]: MACHuuu012 was kicked for floating too long!
[23:36:25] [Server thread/WARN]: MACHuuu012 was kicked for floating too long!
[23:36:25] [Server thread/WARN]: MACHuuu012 was kicked for floating too long!
[23:36:25] [Server thread/WARN]: MACHuuu012 was kicked for floating too long!
[23:36:25] [Server thread/WARN]: MACHuuu012 was kicked for floating too long!
[23:36:25] [Server thread/WARN]: MACHuuu012 was kicked for floating too long!
[23:36:25] [Server thread/WARN]: MACHuuu012 was kicked for floating too long!
[23:36:25] [Server thread/WARN]: MACHuuu012 was kicked for floating too long!
[23:36:26] [Server thread/WARN]: MACHuuu012 was kicked for floating too long!
[23:36:26] [Server thread/WARN]: MACHuuu012 was kicked for floating too long!
[23:36:26] [Server thread/WARN]: MACHuuu012 was kicked for floating too long!
[23:36:26] [Server thread/WARN]: MACHuuu012 was kicked for floating too long!
[23:36:26] [Server thread/WARN]: MACHuuu012 was kicked for floating too long!
[23:36:26] [Server thread/WARN]: MACHuuu012 was kicked for floating too long!
[23:36:26] [Server thread/WARN]: MACHuuu012 was kicked for floating too long!
[23:36:26] [Server thread/WARN]: MACHuuu012 was kicked for floating too long!
[23:36:26] [Server thread/INFO]: MACHuuu012 lost connection: Timed out
[23:36:26] [Server thread/INFO]: MACHuuu012 left the game
[23:36:35] [Server thread/INFO]: MACHuuu012[/192.168.193.36:57557] logged in with entity id 1101 at (725.647564251314, 65.24918707874468, -612.4722035417553)
[23:36:35] [Server thread/INFO]: MACHuuu012 joined the game
[23:37:05] [Server thread/INFO]: MACHuuu012 lost connection: Timed out
[23:37:05] [Server thread/INFO]: MACHuuu012 left the game
[23:37:12] [Server thread/INFO]: MACHuuu012[/192.168.193.36:57559] logged in with entity id 1373 at (725.647564251314, 64.10408037809304, -612.4722035417553)
[23:37:12] [Server thread/INFO]: MACHuuu012 joined the game
[23:37:42] [Server thread/INFO]: MACHuuu012 lost connection: Timed out
[23:37:42] [Server thread/INFO]: MACHuuu012 left the game
[23:38:01] [Server thread/INFO]: MACHuuu012[/192.168.193.36:57563] logged in with entity id 1645 at (725.647564251314, 64.02568037656717, -612.4722035417553)
[23:38:01] [Server thread/INFO]: MACHuuu012 joined the game
[23:38:48] [Server thread/INFO]: MACHuuu012 lost connection: Timed out
[23:38:48] [Server thread/INFO]: MACHuuu012 left the game
[23:39:03] [Server thread/INFO]: MACHuuu012[/192.168.193.36:57571] logged in with entity id 2018 at (689.5787144617954, 63.0, -650.279183882212)
[23:39:03] [Server thread/INFO]: MACHuuu012 joined the game
[23:51:46] [Server thread/INFO]: MACHuuu012 hit the ground too hard
[23:52:04] [Server thread/INFO]: MACHuuu012 lost connection: Timed out
[23:52:04] [Server thread/INFO]: MACHuuu012 left the game
[23:52:26] [Server thread/INFO]: MACHuuu012[/192.168.193.36:57644] logged in with entity id 5371 at (65.24659991134598, 128.35321141973952, -49.947461025337155)
[23:52:26] [Server thread/INFO]: MACHuuu012 joined the game
[23:52:50] [Server thread/INFO]: MACHuuu012 lost connection: Disconnected
[23:52:50] [Server thread/INFO]: MACHuuu012 left the game
